<?xml version="1.0" encoding="UTF-8"?>
<!-- Generated by org.testng.reporters.JUnitXMLReporter -->
<testsuite ignored="0" hostname="Ayazs-MacBook-Air.local" failures="1" tests="1" name="YahooTest" time="8.035" errors="0" timestamp="2023-01-29T23:44:59 IST">
  <testcase classname="testNGXMLExample.WebDriverWaitDemo" name="actualTest" time="3.591">
    <failure type="java.lang.AssertionError" message="expected [Hello World!] but found []">
      <![CDATA[java.lang.AssertionError: expected [Hello World!] but found []
at testNGXMLExample.WebDriverWaitDemo.actualTest(WebDriverWaitDemo.java:24)
at java.base/java.util.ArrayList.forEach(ArrayList.java:1511)
at java.base/java.util.concurrent.FutureTask.run(FutureTask.java:264)
at java.base/java.util.concurrent.ThreadPoolExecutor.runWorker(ThreadPoolExecutor.java:1136)
at java.base/java.util.concurrent.ThreadPoolExecutor$Worker.run(ThreadPoolExecutor.java:635)
at java.base/java.lang.Thread.run(Thread.java:833)
... Removed 24 stack frames]]>
    </failure>
  </testcase> <!-- actualTest -->
</testsuite> <!-- YahooTest -->
