<?xml version="1.0" encoding="UTF-8"?>
<!-- Generated by org.testng.reporters.JUnitXMLReporter -->
<testsuite ignored="1" hostname="Ayazs-MacBook-Air.local" failures="0" tests="2" name="Default test" time="7.923" errors="0" timestamp="2023-01-18T16:33:21 IST">
  <testcase classname="testNG.TestNGExample" name="atTest3" time="0.437"/>
  <testcase classname="testNG.TestNGExample" name="atTest1" time="1.605"/>
  <testcase classname="testNG.TestNGExample" name="atTest2" time="0.0">
    <ignored/>
  </testcase> <!-- atTest2 -->
</testsuite> <!-- Default test -->
