<?xml version="1.0" encoding="UTF-8"?>
<testng-results ignored="0" total="1" passed="1" failed="0" skipped="0">
  <reporter-output>
  </reporter-output>
  <suite started-at="2023-01-17T16:25:09 IST" name="Default suite" finished-at="2023-01-17T16:25:17 IST" duration-ms="7476">
    <groups>
    </groups>
    <test started-at="2023-01-17T16:25:09 IST" name="Default test" finished-at="2023-01-17T16:25:17 IST" duration-ms="7476">
      <class name="testNG.FirstTestNGExample">
        <test-method is-config="true" signature="setUp()[pri:0, instance:testNG.FirstTestNGExample@6e75aa0d]" started-at="2023-01-17T16:25:09 IST" name="setUp" finished-at="2023-01-17T16:25:14 IST" duration-ms="5116" status="PASS">
          <reporter-output>
          </reporter-output>
        </test-method> <!-- setUp -->
        <test-method signature="actualTest()[pri:0, instance:testNG.FirstTestNGExample@6e75aa0d]" started-at="2023-01-17T16:25:14 IST" name="actualTest" finished-at="2023-01-17T16:25:16 IST" duration-ms="1909" status="PASS">
          <reporter-output>
          </reporter-output>
        </test-method> <!-- actualTest -->
        <test-method is-config="true" signature="tearDown()[pri:0, instance:testNG.FirstTestNGExample@6e75aa0d]" started-at="2023-01-17T16:25:16 IST" name="tearDown" finished-at="2023-01-17T16:25:17 IST" duration-ms="433" status="PASS">
          <reporter-output>
          </reporter-output>
        </test-method> <!-- tearDown -->
      </class> <!-- testNG.FirstTestNGExample -->
    </test> <!-- Default test -->
  </suite> <!-- Default suite -->
</testng-results>
