<?xml version="1.0" encoding="UTF-8"?>
<testng-results ignored="1" total="3" passed="2" failed="0" skipped="0">
  <reporter-output>
  </reporter-output>
  <suite started-at="2023-01-18T16:33:13 IST" name="Default suite" finished-at="2023-01-18T16:33:21 IST" duration-ms="7923">
    <groups>
    </groups>
    <test started-at="2023-01-18T16:33:13 IST" name="Default test" finished-at="2023-01-18T16:33:21 IST" duration-ms="7923">
      <class name="testNG.TestNGExample">
        <test-method is-config="true" signature="setUp()[pri:0, instance:testNG.TestNGExample@5af97850]" started-at="2023-01-18T16:33:13 IST" name="setUp" finished-at="2023-01-18T16:33:16 IST" duration-ms="3377" status="PASS">
          <reporter-output>
          </reporter-output>
        </test-method> <!-- setUp -->
        <test-method signature="atTest3()[pri:1, instance:testNG.TestNGExample@5af97850]" started-at="2023-01-18T16:33:16 IST" name="atTest3" finished-at="2023-01-18T16:33:17 IST" duration-ms="437" status="PASS">
          <reporter-output>
          </reporter-output>
        </test-method> <!-- atTest3 -->
        <test-method is-config="true" signature="tearDown()[pri:0, instance:testNG.TestNGExample@5af97850]" started-at="2023-01-18T16:33:17 IST" name="tearDown" finished-at="2023-01-18T16:33:17 IST" duration-ms="0" status="PASS">
          <reporter-output>
          </reporter-output>
        </test-method> <!-- tearDown -->
        <test-method is-config="true" signature="setUp()[pri:0, instance:testNG.TestNGExample@5af97850]" started-at="2023-01-18T16:33:17 IST" name="setUp" finished-at="2023-01-18T16:33:19 IST" duration-ms="2487" status="PASS">
          <reporter-output>
          </reporter-output>
        </test-method> <!-- setUp -->
        <test-method signature="atTest1()[pri:2, instance:testNG.TestNGExample@5af97850]" started-at="2023-01-18T16:33:19 IST" name="atTest1" finished-at="2023-01-18T16:33:21 IST" duration-ms="1605" status="PASS">
          <reporter-output>
          </reporter-output>
        </test-method> <!-- atTest1 -->
        <test-method is-config="true" signature="tearDown()[pri:0, instance:testNG.TestNGExample@5af97850]" started-at="2023-01-18T16:33:21 IST" name="tearDown" finished-at="2023-01-18T16:33:21 IST" duration-ms="0" status="PASS">
          <reporter-output>
          </reporter-output>
        </test-method> <!-- tearDown -->
      </class> <!-- testNG.TestNGExample -->
    </test> <!-- Default test -->
  </suite> <!-- Default suite -->
</testng-results>
